Info: Starting: Create simulation model
Info: qsys-generate C:\Work_murmansk\Quartus\b072_v2\project\cic.qsys --simulation=VERILOG --allow-mixed-language-simulation --output-directory=C:\Work_murmansk\Quartus\b072_v2\project\cic\simulation --family="Arria V" --part=5AGXMA7G4F31C4
Progress: Loading project/cic.qsys
Progress: Reading input file
Progress: Adding cic_ii_0 [altera_cic_ii 18.1]
Progress: Parameterizing module cic_ii_0
Progress: Building connections
Progress: Parameterizing connections
Progress: Validating
Progress: Done reading input file
Info: cic: Generating cic "cic" for SIM_VERILOG
Info: cic_ii_0: "cic" instantiated altera_cic_ii "cic_ii_0"
Info: cic: Done "cic" with 2 modules, 60 files
Info: qsys-generate succeeded.
Info: Finished: Create simulation model
Info: Starting: Create Modelsim Project.
Info: sim-script-gen --spd=C:\Work_murmansk\Quartus\b072_v2\project\cic\cic.spd --output-directory=C:/Work_murmansk/Quartus/b072_v2/project/cic/simulation/ --use-relative-paths=true
Info: Doing: ip-make-simscript --spd=C:\Work_murmansk\Quartus\b072_v2\project\cic\cic.spd --output-directory=C:/Work_murmansk/Quartus/b072_v2/project/cic/simulation/ --use-relative-paths=true
Info: Generating the following file(s) for MODELSIM simulator in C:/Work_murmansk/Quartus/b072_v2/project/cic/simulation/ directory:
Info: 	mentor/msim_setup.tcl
Info: Skipping VCS script generation since VHDL file $QUARTUS_INSTALL_DIR/eda/sim_lib/altera_syn_attributes.vhd is required for simulation
Info: Generating the following file(s) for VCSMX simulator in C:/Work_murmansk/Quartus/b072_v2/project/cic/simulation/ directory:
Info: 	synopsys/vcsmx/synopsys_sim.setup
Info: 	synopsys/vcsmx/vcsmx_setup.sh
Info: Generating the following file(s) for NCSIM simulator in C:/Work_murmansk/Quartus/b072_v2/project/cic/simulation/ directory:
Info: 	cadence/cds.lib
Info: 	cadence/hdl.var
Info: 	cadence/ncsim_setup.sh
Info: 	1 .cds.lib files in cadence/cds_libs/ directory
Info: Generating the following file(s) for RIVIERA simulator in C:/Work_murmansk/Quartus/b072_v2/project/cic/simulation/ directory:
Info: 	aldec/rivierapro_setup.tcl
Info: For information on how to simulate your IP, see the explanatory comments in the simulator-specific subdirectories under C:/Work_murmansk/Quartus/b072_v2/project/cic/simulation/.
Info: Regenerate these scripts whenever you make any change to any Quartus-generated IP in your project.
Info: Finished: Create Modelsim Project.
Info: Starting: Create block symbol file (.bsf)
Info: qsys-generate C:\Work_murmansk\Quartus\b072_v2\project\cic.qsys --block-symbol-file --output-directory=C:\Work_murmansk\Quartus\b072_v2\project\cic --family="Arria V" --part=5AGXMA7G4F31C4
Progress: Loading project/cic.qsys
Progress: Reading input file
Progress: Adding cic_ii_0 [altera_cic_ii 18.1]
Progress: Parameterizing module cic_ii_0
Progress: Building connections
Progress: Parameterizing connections
Progress: Validating
Progress: Done reading input file
Info: qsys-generate succeeded.
Info: Finished: Create block symbol file (.bsf)
Info: 
Info: Starting: Create HDL design files for synthesis
Info: qsys-generate C:\Work_murmansk\Quartus\b072_v2\project\cic.qsys --synthesis=VERILOG --greybox --output-directory=C:\Work_murmansk\Quartus\b072_v2\project\cic\synthesis --family="Arria V" --part=5AGXMA7G4F31C4
Progress: Loading project/cic.qsys
Progress: Reading input file
Progress: Adding cic_ii_0 [altera_cic_ii 18.1]
Progress: Parameterizing module cic_ii_0
Progress: Building connections
Progress: Parameterizing connections
Progress: Validating
Progress: Done reading input file
Info: cic: Generating cic "cic" for QUARTUS_SYNTH
Info: cic_ii_0: "cic" instantiated altera_cic_ii "cic_ii_0"
Info: cic: Done "cic" with 2 modules, 30 files
Info: Generating third-party timing and resource estimation model ...
Info: Done generating third-party timing and resource estimation model.
Info: qsys-generate succeeded.
Info: Finished: Create HDL design files for synthesis
