EDA Netlist Writer report for arria5_tst1
Thu Feb 20 18:32:39 2020
Quartus Prime Version 18.1.0 Build 625 09/12/2018 SJ Standard Edition


---------------------
; Table of Contents ;
---------------------
  1. Legal Notice
  2. EDA Netlist Writer Summary
  3. Simulation Settings
  4. Simulation Generated Files
  5. EDA Netlist Writer Messages



----------------
; Legal Notice ;
----------------
Copyright (C) 2018  Intel Corporation. All rights reserved.
Your use of Intel Corporation's design tools, logic functions 
and other software and tools, and its AMPP partner logic 
functions, and any output files from any of the foregoing 
(including device programming or simulation files), and any 
associated documentation or information are expressly subject 
to the terms and conditions of the Intel Program License 
Subscription Agreement, the Intel Quartus Prime License Agreement,
the Intel FPGA IP License Agreement, or other applicable license
agreement, including, without limitation, that your use is for
the sole purpose of programming logic devices manufactured by
Intel and sold by Intel or its authorized distributors.  Please
refer to the applicable agreement for further details.



+-------------------------------------------------------------------+
; EDA Netlist Writer Summary                                        ;
+---------------------------+---------------------------------------+
; EDA Netlist Writer Status ; Successful - Thu Feb 20 18:32:39 2020 ;
; Revision Name             ; arria5_tst1                           ;
; Top-level Entity Name     ; top_module                            ;
; Family                    ; Arria V                               ;
; Simulation Files Creation ; Successful                            ;
+---------------------------+---------------------------------------+


+------------------------------------------------------------------------------------------------------------------------+
; Simulation Settings                                                                                                    ;
+---------------------------------------------------------------------------------------------------+--------------------+
; Option                                                                                            ; Setting            ;
+---------------------------------------------------------------------------------------------------+--------------------+
; Tool Name                                                                                         ; ModelSim (Verilog) ;
; Generate functional simulation netlist                                                            ; Off                ;
; Time scale                                                                                        ; 1 ps               ;
; Truncate long hierarchy paths                                                                     ; Off                ;
; Map illegal HDL characters                                                                        ; Off                ;
; Flatten buses into individual nodes                                                               ; Off                ;
; Maintain hierarchy                                                                                ; Off                ;
; Bring out device-wide set/reset signals as ports                                                  ; Off                ;
; Enable glitch filtering                                                                           ; Off                ;
; Do not write top level VHDL entity                                                                ; Off                ;
; Disable detection of setup and hold time violations in the input registers of bi-directional pins ; Off                ;
; Architecture name in VHDL output netlist                                                          ; structure          ;
; Generate third-party EDA tool command script for RTL functional simulation                        ; Off                ;
; Generate third-party EDA tool command script for gate-level simulation                            ; Off                ;
+---------------------------------------------------------------------------------------------------+--------------------+


+-----------------------------------------------------+
; Simulation Generated Files                          ;
+-----------------------------------------------------+
; Generated Files                                     ;
+-----------------------------------------------------+
; F:/project_072_z/simulation/modelsim/arria5_tst1.vo ;
+-----------------------------------------------------+


+-----------------------------+
; EDA Netlist Writer Messages ;
+-----------------------------+
Info: *******************************************************************
Info: Running Quartus Prime EDA Netlist Writer
    Info: Version 18.1.0 Build 625 09/12/2018 SJ Standard Edition
    Info: Processing started: Thu Feb 20 18:32:04 2020
Info: Command: quartus_eda --read_settings_files=off --write_settings_files=off arria5_tst1 -c arria5_tst1
Warning (125092): Tcl Script File BUFIN24.qip not found
    Info (125063): set_global_assignment -name QIP_FILE BUFIN24.qip
Warning (125092): Tcl Script File pll96/pll96_0002.qip not found
    Info (125063): set_global_assignment -name QIP_FILE pll96/pll96_0002.qip -qip pll96.qip -library pll96
Warning (125092): Tcl Script File pll125/pll125_0002.qip not found
    Info (125063): set_global_assignment -name QIP_FILE pll125/pll125_0002.qip -qip pll125.qip -library pll125
Warning (125092): Tcl Script File r.qip not found
    Info (125063): set_global_assignment -name QIP_FILE r.qip
Warning (10905): Generated the EDA functional simulation netlist because it is the only supported netlist type for this device.
Info (204019): Generated file arria5_tst1.vo in folder "F:/project_072_z/simulation/modelsim/" for EDA simulation tool
Info: Quartus Prime EDA Netlist Writer was successful. 0 errors, 5 warnings
    Info: Peak virtual memory: 1279 megabytes
    Info: Processing ended: Thu Feb 20 18:32:40 2020
    Info: Elapsed time: 00:00:36
    Info: Total CPU time (on all processors): 00:00:36


