Assembler report for arria5_tst1
Thu Mar 26 16:57:32 2020
Quartus Prime Version 18.1.0 Build 625 09/12/2018 SJ Standard Edition


---------------------
; Table of Contents ;
---------------------
  1. Legal Notice
  2. Assembler Summary
  3. Assembler Settings
  4. Assembler Encrypted IP Cores Summary
  5. Assembler Generated Files
  6. Assembler Device Options: C:/Work_murmansk/Quartus/FPGA_072/project_072_z/output_files/arria5_tst1.sof
  7. Assembler Messages



----------------
; Legal Notice ;
----------------
Copyright (C) 2018  Intel Corporation. All rights reserved.
Your use of Intel Corporation's design tools, logic functions 
and other software and tools, and its AMPP partner logic 
functions, and any output files from any of the foregoing 
(including device programming or simulation files), and any 
associated documentation or information are expressly subject 
to the terms and conditions of the Intel Program License 
Subscription Agreement, the Intel Quartus Prime License Agreement,
the Intel FPGA IP License Agreement, or other applicable license
agreement, including, without limitation, that your use is for
the sole purpose of programming logic devices manufactured by
Intel and sold by Intel or its authorized distributors.  Please
refer to the applicable agreement for further details.



+---------------------------------------------------------------+
; Assembler Summary                                             ;
+-----------------------+---------------------------------------+
; Assembler Status      ; Successful - Thu Mar 26 16:57:32 2020 ;
; Revision Name         ; arria5_tst1                           ;
; Top-level Entity Name ; top_module                            ;
; Family                ; Arria V                               ;
; Device                ; 5AGXMA7G4F31C4                        ;
+-----------------------+---------------------------------------+


+----------------------------------+
; Assembler Settings               ;
+--------+---------+---------------+
; Option ; Setting ; Default Value ;
+--------+---------+---------------+


+-----------------------------------------------------------+
; Assembler Encrypted IP Cores Summary                      ;
+--------+-----------------------------------+--------------+
; Vendor ; IP Core Name                      ; License Type ;
+--------+-----------------------------------+--------------+
; Altera ; NCO Compiler (6AF7 0014)          ; Licensed     ;
; Altera ; Triple-Speed Ethernet (6AF7 00BD) ; Licensed     ;
+--------+-----------------------------------+--------------+


+------------------------------------------------------------------------------+
; Assembler Generated Files                                                    ;
+------------------------------------------------------------------------------+
; File Name                                                                    ;
+------------------------------------------------------------------------------+
; C:/Work_murmansk/Quartus/FPGA_072/project_072_z/output_files/arria5_tst1.sof ;
+------------------------------------------------------------------------------+


+--------------------------------------------------------------------------------------------------------+
; Assembler Device Options: C:/Work_murmansk/Quartus/FPGA_072/project_072_z/output_files/arria5_tst1.sof ;
+----------------+---------------------------------------------------------------------------------------+
; Option         ; Setting                                                                               ;
+----------------+---------------------------------------------------------------------------------------+
; JTAG usercode  ; 0x05CECCAA                                                                            ;
; Checksum       ; 0x05CECCAA                                                                            ;
+----------------+---------------------------------------------------------------------------------------+


+--------------------+
; Assembler Messages ;
+--------------------+
Info: *******************************************************************
Info: Running Quartus Prime Assembler
    Info: Version 18.1.0 Build 625 09/12/2018 SJ Standard Edition
    Info: Processing started: Thu Mar 26 16:56:48 2020
Info: Command: quartus_asm --read_settings_files=off --write_settings_files=off arria5_tst1 -c arria5_tst1
Warning (125092): Tcl Script File BUFIN24.qip not found
    Info (125063): set_global_assignment -name QIP_FILE BUFIN24.qip
Warning (125092): Tcl Script File pll96/pll96_0002.qip not found
    Info (125063): set_global_assignment -name QIP_FILE pll96/pll96_0002.qip -qip pll96.qip -library pll96
Warning (125092): Tcl Script File pll125/pll125_0002.qip not found
    Info (125063): set_global_assignment -name QIP_FILE pll125/pll125_0002.qip -qip pll125.qip -library pll125
Warning (125092): Tcl Script File r.qip not found
    Info (125063): set_global_assignment -name QIP_FILE r.qip
Info (115030): Assembler is generating device programming files
Info: Quartus Prime Assembler was successful. 0 errors, 4 warnings
    Info: Peak virtual memory: 1034 megabytes
    Info: Processing ended: Thu Mar 26 16:57:33 2020
    Info: Elapsed time: 00:00:45
    Info: Total CPU time (on all processors): 00:00:45


