IP Upgrade report for arria5_tst1
Fri Jan 11 15:29:39 2019
Quartus Prime Version 18.1.0 Build 625 09/12/2018 SJ Standard Edition


---------------------
; Table of Contents ;
---------------------
  1. Legal Notice
  2. IP Upgrade Summary
  3. Failed Upgrade IP Components
  4. IP Upgrade Messages



----------------
; Legal Notice ;
----------------
Copyright (C) 2018  Intel Corporation. All rights reserved.
Your use of Intel Corporation's design tools, logic functions 
and other software and tools, and its AMPP partner logic 
functions, and any output files from any of the foregoing 
(including device programming or simulation files), and any 
associated documentation or information are expressly subject 
to the terms and conditions of the Intel Program License 
Subscription Agreement, the Intel Quartus Prime License Agreement,
the Intel FPGA IP License Agreement, or other applicable license
agreement, including, without limitation, that your use is for
the sole purpose of programming logic devices manufactured by
Intel and sold by Intel or its authorized distributors.  Please
refer to the applicable agreement for further details.



+--------------------------------------------------------------------------------+
; IP Upgrade Summary                                                             ;
+------------------------------+-------------------------------------------------+
; IP Components Upgrade Status ; Failed - Fri Jan 11 15:29:39 2019               ;
; Quartus Prime Version        ; 18.1.0 Build 625 09/12/2018 SJ Standard Edition ;
; Revision Name                ; arria5_tst1                                     ;
; Top-level Entity Name        ; top_module                                      ;
; Family                       ; Arria V                                         ;
+------------------------------+-------------------------------------------------+


+------------------------------------------------------------------------------------------------------------------------------------------------------------------+
; Failed Upgrade IP Components                                                                                                                                     ;
+--------------+------------------------+---------+----------------------+----------------------+-----------------+------------------------------------------------+
; Entity Name  ; Component Name         ; Version ; Original Source File ; Generation File Path ; New Source File ; Message                                        ;
+--------------+------------------------+---------+----------------------+----------------------+-----------------+------------------------------------------------+
; fir_decim_v1 ; altera_fir_compiler_ii ; 17.0    ; fir_decim_v1.qip     ; fir_decim_v1.v       ;                 ; Error upgrading IP component "fir_decim_v1.v". ;
; fir_5MHz_v5  ; altera_fir_compiler_ii ; 17.0    ; fir_5MHz_v5.qip      ; fir_5MHz_v5.v        ;                 ; Error upgrading IP component "fir_5MHz_v5.v".  ;
; eth1_min     ; altera_eth_tse         ; 17.0    ; eth1_min.qip         ; eth1_min.v           ;                 ; Error upgrading IP component "eth1_min.v".     ;
+--------------+------------------------+---------+----------------------+----------------------+-----------------+------------------------------------------------+


+---------------------+
; IP Upgrade Messages ;
+---------------------+
Info (11902): Backing up file "fir_decim_v1.v" to "fir_decim_v1.BAK.v"
Info (11837): Started upgrading IP component altera_fir_compiler_ii with file "fir_decim_v1.v"
Info (11904): Restoring file "fir_decim_v1.BAK.v" to "fir_decim_v1.v"
Error (14921): Error upgrading IP component "fir_decim_v1.v".
Info (11902): Backing up file "fir_5MHz_v5.v" to "fir_5MHz_v5.BAK.v"
Info (11837): Started upgrading IP component altera_fir_compiler_ii with file "fir_5MHz_v5.v"
Info (11904): Restoring file "fir_5MHz_v5.BAK.v" to "fir_5MHz_v5.v"
Error (14921): Error upgrading IP component "fir_5MHz_v5.v".
Info (11902): Backing up file "eth1_min.v" to "eth1_min.BAK.v"
Info (11837): Started upgrading IP component altera_eth_tse with file "eth1_min.v"
Info (11904): Restoring file "eth1_min.BAK.v" to "eth1_min.v"
Error (14921): Error upgrading IP component "eth1_min.v".
Error (11133): IP component altera_fir_compiler_ii with file "fir_decim_v1.v" upgrade failed
Error (11889): IP component upgrade failed
Error (11133): IP component altera_fir_compiler_ii with file "fir_5MHz_v5.v" upgrade failed
Error (11889): IP component upgrade failed
Error (11133): IP component altera_eth_tse with file "eth1_min.v" upgrade failed
Error (11889): IP component upgrade failed
Error (23031): Evaluation of Tcl script c:/intelfpga/18.1/quartus/common/tcl/internal/ip_regen/ip_regen.tcl unsuccessful
Error: Quartus Prime Shell was unsuccessful. 10 errors, 3 warnings
    Error: Peak virtual memory: 727 megabytes
    Error: Processing ended: Fri Jan 11 15:29:43 2019
    Error: Elapsed time: 00:04:05
    Error: Total CPU time (on all processors): 00:00:42


